[2020-07-08T09:16:16.570] [INFO] app - url-xi(/Users/janostgren/work/node/url-xi/dist/index.js) started with [
  '/usr/local/bin/node',
  '/Users/janostgren/work/node/url-xi/dist/index.js',
  '--config',
  'default_test.json'
]
[2020-07-08T11:33:13.751] [INFO] app - url-xi(/Users/janostgren/work/node/url-xi/dist/index.js) started with [
  '/usr/local/bin/node',
  '/Users/janostgren/work/node/url-xi/dist/index.js',
  '--config',
  'default_test.json',
  '--debug'
]
[2020-07-08T11:33:13.757] [DEBUG] app - TestRunner Ticketmonster Get Event started...
[2020-07-08T11:33:13.757] [DEBUG] app - Running step Get Events 
[2020-07-08T11:33:14.034] [DEBUG] app - extractor value=1
[2020-07-08T11:33:14.036] [DEBUG] app - Running step Get Shows 
[2020-07-08T11:33:14.300] [DEBUG] app - extractor value=Camp Nou
[2020-07-08T11:33:14.303] [DEBUG] app - extractor value=500000
[2020-07-08T11:33:14.306] [DEBUG] app - extractor value=113
[2020-07-08T11:35:19.363] [INFO] app - url-xi(/Users/janostgren/work/node/url-xi/dist/index.js) started with [
  '/usr/local/bin/node',
  '/Users/janostgren/work/node/url-xi/dist/index.js',
  '--config',
  'default_test.json',
  '--debug'
]
[2020-07-08T11:35:19.370] [DEBUG] app - TestRunner Ticketmonster Get Event started...
[2020-07-08T11:35:19.371] [DEBUG] app - Running step Get Events 
[2020-07-08T11:35:19.581] [DEBUG] app - extractor value=2
[2020-07-08T11:35:19.581] [DEBUG] app - Running step Get Shows 
[2020-07-08T11:35:19.866] [DEBUG] app - extractor value=Friends Arena
[2020-07-08T11:35:19.881] [DEBUG] app - extractor value=90000
[2020-07-08T11:35:19.914] [DEBUG] app - extractor value=120
[2020-07-08T11:43:38.585] [INFO] app - url-xi(/Users/janostgren/work/node/url-xi/dist/index.js) started with [
  '/usr/local/bin/node',
  '/Users/janostgren/work/node/url-xi/dist/index.js',
  '--config',
  'default_test.json',
  '--debug'
]
[2020-07-08T11:43:38.589] [DEBUG] app - directory=.
[2020-07-08T11:43:38.596] [DEBUG] app - TestRunner Ticketmonster Get Event started...
[2020-07-08T11:43:38.597] [DEBUG] app - Running step Get Events 
[2020-07-08T11:43:38.828] [DEBUG] app - extractor value=1
[2020-07-08T11:43:38.828] [DEBUG] app - Running step Get Shows 
[2020-07-08T11:43:39.090] [DEBUG] app - extractor value=Camp Nou
[2020-07-08T11:43:39.093] [DEBUG] app - extractor value=500000
[2020-07-08T11:43:39.097] [DEBUG] app - extractor value=113
[2020-07-08T11:46:33.135] [INFO] app - url-xi(/Users/janostgren/work/node/url-xi/dist/index.js) started with [
  '/usr/local/bin/node',
  '/Users/janostgren/work/node/url-xi/dist/index.js',
  '--config',
  'default_test.json'
]
[2020-07-08T11:46:33.143] [DEBUG] app - TestRunner Ticketmonster Get Event started...
[2020-07-08T11:46:33.144] [DEBUG] app - Running step Get Events 
[2020-07-08T11:46:33.343] [DEBUG] app - extractor value=2
[2020-07-08T11:46:33.343] [DEBUG] app - Running step Get Shows 
[2020-07-08T11:46:33.588] [DEBUG] app - extractor value=Friends Arena
[2020-07-08T11:46:33.591] [DEBUG] app - extractor value=90000
[2020-07-08T11:46:33.596] [DEBUG] app - extractor value=120
[2020-07-08T11:46:48.577] [INFO] app - url-xi(/Users/janostgren/work/node/url-xi/dist/index.js) started with [
  '/usr/local/bin/node',
  '/Users/janostgren/work/node/url-xi/dist/index.js',
  '--config',
  'config/tm_order_tickets.json'
]
[2020-07-08T11:46:48.583] [DEBUG] app - TestRunner Ticketmonster Order Tickets started...
[2020-07-08T11:46:48.583] [DEBUG] app - Running step Get Events 
[2020-07-08T11:46:48.762] [DEBUG] app - extractor value=1
[2020-07-08T11:46:48.765] [DEBUG] app - Running step Get Shows 
[2020-07-08T11:46:49.004] [DEBUG] app - extractor value=2
[2020-07-08T11:46:49.004] [DEBUG] app - Running step Get Show details 
[2020-07-08T11:46:49.263] [DEBUG] app - extractor value=1
[2020-07-08T11:46:49.264] [DEBUG] app - extractor value=5
[2020-07-08T11:46:49.264] [DEBUG] app - extractor value=10
[2020-07-08T11:46:49.264] [DEBUG] app - Running step Post Booking 
[2020-07-08T11:46:49.714] [DEBUG] app - extractor value=6331872
[2020-07-08T11:46:49.714] [DEBUG] app - Running step Delete Booking 
[2020-07-08T11:47:26.759] [INFO] app - url-xi(/Users/janostgren/work/node/url-xi/dist/index.js) started with [
  '/usr/local/bin/node',
  '/Users/janostgren/work/node/url-xi/dist/index.js',
  '--config',
  'config/tm_order_tickets.json'
]
[2020-07-08T11:47:26.764] [DEBUG] app - TestRunner Ticketmonster Order Tickets started...
[2020-07-08T11:47:26.765] [DEBUG] app - Running step Get Events 
[2020-07-08T11:47:26.937] [DEBUG] app - extractor value=2
[2020-07-08T11:47:26.937] [DEBUG] app - Running step Get Shows 
[2020-07-08T11:47:27.201] [DEBUG] app - extractor value=6
[2020-07-08T11:47:27.202] [DEBUG] app - Running step Get Show details 
[2020-07-08T11:47:27.448] [DEBUG] app - extractor value=2
[2020-07-08T11:47:27.448] [DEBUG] app - extractor value=8
[2020-07-08T11:47:27.448] [DEBUG] app - extractor value=246
[2020-07-08T11:47:27.449] [DEBUG] app - Running step Post Booking 
[2020-07-08T11:47:27.909] [DEBUG] app - extractor value=6331873
[2020-07-08T11:47:27.909] [DEBUG] app - Running step Delete Booking 
[2020-07-08T11:51:22.308] [INFO] app - url-xi(/Users/janostgren/work/node/url-xi/dist/index.js) started with [
  '/usr/local/bin/node',
  '/Users/janostgren/work/node/url-xi/dist/index.js',
  '-xh',
  '{"myHeader":"joHeader"}'
]
[2020-07-08T11:51:22.316] [DEBUG] app - TestRunner Ticketmonster Get Event started...
[2020-07-08T11:51:22.317] [DEBUG] app - Running step Get Events 
[2020-07-08T11:51:22.499] [DEBUG] app - extractor value=2
[2020-07-08T11:51:22.500] [DEBUG] app - Running step Get Shows 
[2020-07-08T11:51:22.773] [DEBUG] app - extractor value=Friends Arena
[2020-07-08T11:51:22.776] [DEBUG] app - extractor value=90000
[2020-07-08T11:51:22.781] [DEBUG] app - extractor value=120
[2020-07-08T11:52:34.876] [INFO] app - url-xi(/Users/janostgren/work/node/url-xi/dist/index.js) started with [
  '/usr/local/bin/node',
  '/Users/janostgren/work/node/url-xi/dist/index.js',
  '-xh',
  '{"myHeader":"joHeader"}'
]
[2020-07-08T11:52:34.889] [DEBUG] app - TestRunner Ticketmonster Get Event started...
[2020-07-08T11:52:34.890] [DEBUG] app - Running step Get Events 
[2020-07-08T11:52:35.100] [DEBUG] app - extractor value=1
[2020-07-08T11:52:35.100] [DEBUG] app - Running step Get Shows 
[2020-07-08T11:52:35.363] [DEBUG] app - extractor value=Camp Nou
[2020-07-08T11:52:35.365] [DEBUG] app - extractor value=500000
[2020-07-08T11:52:35.368] [DEBUG] app - extractor value=113
[2020-07-08T11:52:46.985] [INFO] app - url-xi(/Users/janostgren/work/node/url-xi/dist/index.js) started with [
  '/usr/local/bin/node',
  '/Users/janostgren/work/node/url-xi/dist/index.js',
  '-xh',
  '{"myHeader":"joHeader"}'
]
[2020-07-08T11:52:46.990] [DEBUG] app - TestRunner Ticketmonster Get Event started...
[2020-07-08T11:52:46.991] [DEBUG] app - Running step Get Events 
[2020-07-08T11:52:47.168] [DEBUG] app - extractor value=1
[2020-07-08T11:52:47.169] [DEBUG] app - Running step Get Shows 
[2020-07-08T11:52:47.427] [DEBUG] app - extractor value=Camp Nou
[2020-07-08T11:52:47.429] [DEBUG] app - extractor value=500000
[2020-07-08T11:52:47.432] [DEBUG] app - extractor value=113
[2020-07-08T11:55:19.064] [INFO] app - url-xi(/Users/janostgren/work/node/url-xi/dist/index.js) started with [
  '/usr/local/bin/node',
  '/Users/janostgren/work/node/url-xi/dist/index.js',
  '-xh',
  '{"myHeader":"joHeader"}',
  '-c',
  'config/cldemo_soap_game_service.json'
]
[2020-07-08T11:55:19.071] [DEBUG] app - TestRunner CL Demo SOAP Check Game Service started...
[2020-07-08T11:55:19.072] [DEBUG] app - Running step Get All Games 
[2020-07-08T11:55:19.372] [DEBUG] app - extractor value=33
[2020-07-08T11:55:19.372] [DEBUG] app - extractor value=35
[2020-07-08T11:55:19.373] [DEBUG] app - Running step Get Remaing Tickets for Game 
[2020-07-08T11:55:19.570] [DEBUG] app - extractor value=2012321099
[2020-07-08T12:01:06.761] [INFO] app - url-xi(/Users/janostgren/work/node/url-xi/dist/index.js) started with [
  '/usr/local/bin/node',
  '/Users/janostgren/work/node/url-xi/dist/index.js',
  '--config',
  'default_test.json',
  '--debug'
]
[2020-07-08T12:01:06.768] [DEBUG] app - config: {}
[2020-07-08T12:01:06.770] [DEBUG] app - TestRunner Ticketmonster Get Event started...
[2020-07-08T12:01:06.771] [DEBUG] app - Running step Get Events 
[2020-07-08T12:01:06.963] [DEBUG] app - extractor value=1
[2020-07-08T12:01:06.963] [DEBUG] app - Running step Get Shows 
[2020-07-08T12:01:07.232] [DEBUG] app - extractor value=Camp Nou
[2020-07-08T12:01:07.236] [DEBUG] app - extractor value=500000
[2020-07-08T12:01:07.240] [DEBUG] app - extractor value=113
[2020-07-08T12:01:56.951] [INFO] app - url-xi(/Users/janostgren/work/node/url-xi/dist/index.js) started with [
  '/usr/local/bin/node',
  '/Users/janostgren/work/node/url-xi/dist/index.js',
  '-xh',
  '{"myHeader":"joHeader"}',
  '-c',
  'config/cldemo_soap_game_service.json'
]
[2020-07-08T12:01:56.956] [DEBUG] app - config: {
  headers: {
    'Content-type': 'application/soap+xml; charset=utf-8',
    Accept: 'application/soap+xml; charset=utf-8'
  },
  myHeader: 'joHeader'
}
[2020-07-08T12:01:56.957] [DEBUG] app - TestRunner CL Demo SOAP Check Game Service started...
[2020-07-08T12:01:56.958] [DEBUG] app - Running step Get All Games 
[2020-07-08T12:01:57.148] [DEBUG] app - extractor value=45
[2020-07-08T12:01:57.149] [DEBUG] app - extractor value=44
[2020-07-08T12:01:57.150] [DEBUG] app - Running step Get Remaing Tickets for Game 
[2020-07-08T12:01:57.355] [DEBUG] app - extractor value=2012321119
[2020-07-08T12:05:51.424] [INFO] app - url-xi(/Users/janostgren/work/node/url-xi/dist/index.js) started with [
  '/usr/local/bin/node',
  '/Users/janostgren/work/node/url-xi/dist/index.js',
  '-xh',
  '{"myHeader":"joHeader"}'
]
[2020-07-08T12:05:51.433] [DEBUG] app - config: { myHeader: 'joHeader' }
[2020-07-08T12:05:51.434] [DEBUG] app - TestRunner Ticketmonster Get Event started...
[2020-07-08T12:05:51.435] [DEBUG] app - Running step Get Events 
[2020-07-08T12:05:51.645] [DEBUG] app - extractor value=2
[2020-07-08T12:05:51.645] [DEBUG] app - Running step Get Shows 
[2020-07-08T12:05:51.936] [DEBUG] app - extractor value=Friends Arena
[2020-07-08T12:05:51.939] [DEBUG] app - extractor value=90000
[2020-07-08T12:05:51.944] [DEBUG] app - extractor value=120
[2020-07-08T12:14:55.042] [INFO] app - url-xi(/Users/janostgren/work/node/url-xi/dist/index.js) started with [
  '/usr/local/bin/node',
  '/Users/janostgren/work/node/url-xi/dist/index.js',
  '--config',
  'default_test.json',
  '--debug'
]
[2020-07-08T12:14:55.049] [DEBUG] app - config: { headers: {} }
[2020-07-08T12:14:55.052] [DEBUG] app - TestRunner Ticketmonster Get Event started...
[2020-07-08T12:14:55.053] [DEBUG] app - Running step Get Events 
[2020-07-08T12:14:55.247] [DEBUG] app - extractor value=2
[2020-07-08T12:14:55.247] [DEBUG] app - Running step Get Shows 
[2020-07-08T12:14:55.503] [DEBUG] app - extractor value=Friends Arena
[2020-07-08T12:14:55.507] [DEBUG] app - extractor value=90000
[2020-07-08T12:14:55.512] [DEBUG] app - extractor value=120
[2020-07-08T12:16:15.443] [INFO] app - url-xi(/Users/janostgren/work/node/url-xi/dist/index.js) started with [
  '/usr/local/bin/node',
  '/Users/janostgren/work/node/url-xi/dist/index.js',
  '-xh',
  '{"myHeader":"joHeader"}'
]
[2020-07-08T12:16:15.450] [DEBUG] app - config: { headers: { myHeader: 'joHeader' } }
[2020-07-08T12:16:15.451] [DEBUG] app - TestRunner Ticketmonster Get Event started...
[2020-07-08T12:16:15.451] [DEBUG] app - Running step Get Events 
[2020-07-08T12:16:15.636] [DEBUG] app - extractor value=2
[2020-07-08T12:16:15.637] [DEBUG] app - Running step Get Shows 
[2020-07-08T12:16:15.893] [DEBUG] app - extractor value=Friends Arena
[2020-07-08T12:16:15.896] [DEBUG] app - extractor value=90000
[2020-07-08T12:16:15.901] [DEBUG] app - extractor value=120
[2020-07-08T12:17:27.061] [INFO] app - url-xi(/Users/janostgren/work/node/url-xi/dist/index.js) started with [
  '/usr/local/bin/node',
  '/Users/janostgren/work/node/url-xi/dist/index.js',
  '-xh',
  '{"myHeader":"joHeader"}',
  '-c',
  'config/cldemo_soap_game_service.json'
]
[2020-07-08T12:17:27.068] [DEBUG] app - config: {
  headers: {
    'Content-type': 'application/soap+xml; charset=utf-8',
    Accept: 'application/soap+xml; charset=utf-8',
    myHeader: 'joHeader'
  }
}
[2020-07-08T12:17:27.069] [DEBUG] app - TestRunner CL Demo SOAP Check Game Service started...
[2020-07-08T12:17:27.070] [DEBUG] app - Running step Get All Games 
[2020-07-08T12:17:27.296] [DEBUG] app - extractor value=20
[2020-07-08T12:17:27.297] [DEBUG] app - extractor value=21
[2020-07-08T12:17:27.297] [DEBUG] app - Running step Get Remaing Tickets for Game 
[2020-07-08T12:17:27.498] [DEBUG] app - extractor value=2012320460
[2020-07-08T12:18:18.954] [INFO] app - url-xi(/Users/janostgren/work/node/url-xi/dist/index.js) started with [
  '/usr/local/bin/node',
  '/Users/janostgren/work/node/url-xi/dist/index.js',
  '-xh',
  '{"myHeader":"joHeader"}',
  '-c',
  'config/cldemo_soap_game_service.json'
]
[2020-07-08T12:18:18.960] [DEBUG] app - config: {
  headers: {
    'Content-type': 'application/soap+xml; charset=utf-8',
    Accept: 'application/soap+xml; charset=utf-8',
    myHeader: 'joHeader'
  }
}
[2020-07-08T12:18:18.961] [DEBUG] app - TestRunner CL Demo SOAP Check Game Service started...
[2020-07-08T12:18:18.962] [DEBUG] app - Running step Get All Games 
[2020-07-08T12:18:19.670] [DEBUG] app - extractor value=6
[2020-07-08T12:18:19.670] [DEBUG] app - extractor value=3
[2020-07-08T12:18:19.670] [DEBUG] app - Running step Get Remaing Tickets for Game 
[2020-07-08T12:18:19.882] [DEBUG] app - extractor value=2012321117
[2020-07-08T12:18:50.088] [INFO] app - url-xi(/Users/janostgren/work/node/url-xi/dist/index.js) started with [
  '/usr/local/bin/node',
  '/Users/janostgren/work/node/url-xi/dist/index.js',
  '-xh',
  '{"myHeader":"joHeader"}',
  '-c',
  'config/cldemo_soap_game_service.json'
]
[2020-07-08T12:18:50.093] [DEBUG] app - config: {
  headers: {
    'Content-type': 'application/soap+xml; charset=utf-8',
    Accept: 'application/soap+xml; charset=utf-8',
    myHeader: 'joHeader'
  }
}
[2020-07-08T12:18:50.094] [DEBUG] app - TestRunner CL Demo SOAP Check Game Service started...
[2020-07-08T12:18:50.094] [DEBUG] app - Running step Get All Games 
[2020-07-08T12:18:50.238] [DEBUG] app - extractor value=60
[2020-07-08T12:18:50.238] [DEBUG] app - extractor value=63
[2020-07-08T12:18:50.238] [DEBUG] app - Running step Get Remaing Tickets for Game 
[2020-07-08T12:18:50.418] [DEBUG] app - extractor value=2012321113
[2020-07-08T12:19:35.437] [INFO] app - url-xi(/Users/janostgren/work/node/url-xi/dist/index.js) started with [
  '/usr/local/bin/node',
  '/Users/janostgren/work/node/url-xi/dist/index.js',
  '-xh',
  '{"myHeader":"joHeader","appdSnapshot":"true"}',
  '-c',
  'config/cldemo_soap_game_service.json'
]
[2020-07-08T12:19:35.442] [DEBUG] app - config: {
  headers: {
    'Content-type': 'application/soap+xml; charset=utf-8',
    Accept: 'application/soap+xml; charset=utf-8',
    myHeader: 'joHeader',
    appdSnapshot: 'true'
  }
}
[2020-07-08T12:19:35.444] [DEBUG] app - TestRunner CL Demo SOAP Check Game Service started...
[2020-07-08T12:19:35.445] [DEBUG] app - Running step Get All Games 
[2020-07-08T12:19:35.693] [DEBUG] app - extractor value=24
[2020-07-08T12:19:35.693] [DEBUG] app - extractor value=20
[2020-07-08T12:19:35.693] [DEBUG] app - Running step Get Remaing Tickets for Game 
[2020-07-08T12:19:35.899] [DEBUG] app - extractor value=2012321119
[2020-07-08T12:20:30.330] [INFO] app - url-xi(/Users/janostgren/work/node/url-xi/dist/index.js) started with [
  '/usr/local/bin/node',
  '/Users/janostgren/work/node/url-xi/dist/index.js',
  '-c',
  'config/cldemo_soap_game_service.json'
]
[2020-07-08T12:20:30.336] [DEBUG] app - config: {
  headers: {
    'Content-type': 'application/soap+xml; charset=utf-8',
    Accept: 'application/soap+xml; charset=utf-8'
  }
}
[2020-07-08T12:20:30.337] [DEBUG] app - TestRunner CL Demo SOAP Check Game Service started...
[2020-07-08T12:20:30.338] [DEBUG] app - Running step Get All Games 
[2020-07-08T12:20:30.552] [DEBUG] app - extractor value=43
[2020-07-08T12:20:30.553] [DEBUG] app - extractor value=43
[2020-07-08T12:20:30.553] [DEBUG] app - Running step Get Remaing Tickets for Game 
[2020-07-08T12:20:30.787] [DEBUG] app - extractor value=2012288207
[2020-07-08T12:20:38.075] [INFO] app - url-xi(/Users/janostgren/work/node/url-xi/dist/index.js) started with [
  '/usr/local/bin/node',
  '/Users/janostgren/work/node/url-xi/dist/index.js',
  '-c',
  'config/appd_metrics.json'
]
[2020-07-08T12:20:38.086] [DEBUG] app - config: {
  auth: { username: 'ticketmonster@apica-nfr', password: '8BOAK37P' },
  headers: {}
}
[2020-07-08T12:20:38.086] [DEBUG] app - TestRunner AppDynamics Metrics started...
[2020-07-08T12:20:38.087] [DEBUG] app - Running step Get Applications 
[2020-07-08T12:20:38.492] [DEBUG] app - extractor value=6001
[2020-07-08T12:20:38.493] [DEBUG] app - extractor value=TM-Dev
[2020-07-08T12:20:38.493] [DEBUG] app - Running step Get Transactions 
[2020-07-08T12:20:38.668] [DEBUG] app - extractor value=1780037
[2020-07-08T12:20:38.669] [DEBUG] app - extractor value=/ticket-monster/rest/bot.PUT
[2020-07-08T12:20:38.669] [DEBUG] app - extractor value=AppServer
[2020-07-08T12:20:38.669] [DEBUG] app - Running step Get BT Average response time 
[2020-07-08T12:20:38.924] [DEBUG] app - extractor value=METRIC DATA NOT FOUND
[2020-07-08T12:20:38.925] [DEBUG] app - extractor value=undefined
[2020-07-08T12:20:45.986] [INFO] app - url-xi(/Users/janostgren/work/node/url-xi/dist/index.js) started with [
  '/usr/local/bin/node',
  '/Users/janostgren/work/node/url-xi/dist/index.js',
  '-c',
  'config/tm_order_tickets.json'
]
[2020-07-08T12:20:45.991] [DEBUG] app - config: { headers: {} }
[2020-07-08T12:20:45.992] [DEBUG] app - TestRunner Ticketmonster Order Tickets started...
[2020-07-08T12:20:45.993] [DEBUG] app - Running step Get Events 
[2020-07-08T12:20:46.241] [DEBUG] app - extractor value=2
[2020-07-08T12:20:46.242] [DEBUG] app - Running step Get Shows 
[2020-07-08T12:20:46.502] [DEBUG] app - extractor value=6
[2020-07-08T12:20:46.503] [DEBUG] app - Running step Get Show details 
[2020-07-08T12:20:46.754] [DEBUG] app - extractor value=2
[2020-07-08T12:20:46.754] [DEBUG] app - extractor value=8
[2020-07-08T12:20:46.755] [DEBUG] app - extractor value=246
[2020-07-08T12:20:46.755] [DEBUG] app - Running step Post Booking 
[2020-07-08T12:20:47.230] [DEBUG] app - extractor value=6331908
[2020-07-08T12:20:47.231] [DEBUG] app - Running step Delete Booking 
[2020-07-08T12:39:23.573] [INFO] app - url-xi(/Users/janostgren/work/node/url-xi/dist/index.js) started with [
  '/usr/local/bin/node',
  '/Users/janostgren/work/node/url-xi/dist/index.js',
  '--config',
  'config/tm_order_tickets.json'
]
[2020-07-08T12:39:23.578] [DEBUG] app - config: { headers: {} }
[2020-07-08T12:39:23.579] [DEBUG] app - TestRunner Ticketmonster Order Tickets started...
[2020-07-08T12:39:23.580] [DEBUG] app - Running step Get Events 
[2020-07-08T12:39:23.760] [DEBUG] app - extractor value=1
[2020-07-08T12:39:23.762] [DEBUG] app - Running step Get Shows 
[2020-07-08T12:39:24.011] [DEBUG] app - extractor value=2
[2020-07-08T12:39:24.011] [DEBUG] app - Running step Get Show details 
[2020-07-08T12:39:24.248] [DEBUG] app - extractor value=1
[2020-07-08T12:39:24.248] [DEBUG] app - extractor value=5
[2020-07-08T12:39:24.248] [DEBUG] app - extractor value=10
[2020-07-08T12:39:24.248] [DEBUG] app - Running step Post Booking 
[2020-07-08T12:39:24.763] [DEBUG] app - extractor value=6331924
[2020-07-08T12:39:24.763] [DEBUG] app - Running step Delete Booking 
